<?xml version="1.0" encoding="UTF-8"?>
<beans xmlns="http://www.springframework.org/schema/beans"
	xmlns:xsi="http://www.w3.org/2001/XMLSchema-instance" xmlns:context="http://www.springframework.org/schema/context"
	xmlns:jdbc="http://www.springframework.org/schema/jdbc" xmlns:jpa="http://www.springframework.org/schema/data/jpa"
	xmlns:lang="http://www.springframework.org/schema/lang" xmlns:tx="http://www.springframework.org/schema/tx"
	xsi:schemaLocation="http://www.springframework.org/schema/beans http://www.springframework.org/schema/beans/spring-beans.xsd
                http://www.springframework.org/schema/context http://www.springframework.org/schema/context/spring-context.xsd
                http://www.springframework.org/schema/lang http://www.springframework.org/schema/lang/spring-lang-3.0.xsd
                http://www.springframework.org/schema/jdbc http://www.springframework.org/schema/jdbc/spring-jdbc-3.0.xsd
                http://www.springframework.org/schema/data/jpa http://www.springframework.org/schema/data/jpa/spring-jpa.xsd
                http://www.springframework.org/schema/tx http://www.springframework.org/schema/tx/spring-tx.xsd">

	<tx:annotation-driven transaction-manager="transactionManager" />
	<!-- <jpa:repositories base-package="com.gs.firstdb.repository" -->
	<!-- entity-manager-factory-ref="entityManagerFactory"> -->

	<!-- </jpa:repositories> -->
	<context:component-scan base-package="com.jgk.fdb" />
	<context:property-placeholder location="classpath:/firstdb.project.properties" />
	
	<bean id="entityManagerFactory"
		class="org.springframework.orm.jpa.LocalContainerEntityManagerFactoryBean">

		<property name="jpaVendorAdapter">
			<bean class="org.springframework.orm.jpa.vendor.HibernateJpaVendorAdapter" />
		</property>
<!-- 		<property name="persistenceXmlLocation" value="classpath:/META-INF/persistence.xml" /> -->
<!-- 		<property name="persistenceXmlLocation" value="classpath:/META-INF/firstdb-persistence.xml" /> -->
		<property name="jpaProperties">
			<props>
<!-- 				<prop key="hibernate.show_sql">false</prop> -->
<!-- 				<prop key="hibernate.format_sql">true</prop> -->
<!-- 				<prop key="hibernate.cache.provider_class">net.sf.ehcache.hibernate.EhCacheProvider</prop> -->
<!-- 				<prop key="hibernate.query.factory_class">org.hibernate.hql.classic.ClassicQueryTranslatorFactory -->
<!-- 				</prop> -->
<!-- 				<prop key="hibernate.cache.use_query_cache">true</prop> -->
<!-- 				<prop key="hibernate.cache.use_second_level_cache">true</prop> -->
<!-- 				<prop key="hibernate.ejb.naming_strategy">org.hibernate.cfg.DefaultComponentSafeNamingStrategy</prop> -->
<!-- 				<prop key="hibernate.ejb.naming_strategy">org.hibernate.cfg.EJB3NamingStrategy</prop> -->

				<!-- <prop key="hibernate.hbm2ddl.auto">create-drop</prop> -->
			</props>
		</property>
		<property name="jpaPropertyMap">
			<map>
			<entry key="hibernate.cache.provider_class" value="org.hibernate.cache.ehcache.EhCacheRegionFactory"/>
<!-- 				<entry key="hibernate.hbm2ddl.auto" value="${gs.hibernate.hbm2ddl.auto}" /> -->
<!--  				<entry key="hibernate.ejb.naming_strategy" value="${gs.hibernate.ejb.naming_strategy}" /> -->
 				<entry key="hibernate.format_sql" value="true" />
<!--  				<entry key="hibernate.cache.provider_class" value="net.sf.ehcache.hibernate.EhCacheProvider" /> -->
				<entry key="hibernate.cache.use_query_cache" value="true" />
				<entry key="hibernate.cache.use_second_level_cache" value="true" />
			</map>
		</property>
		
		<property name="dataSource" ref="dataSource" />
	</bean>
	
	<bean id="dataSource" class="org.apache.commons.dbcp.BasicDataSource"
		destroy-method="close">
		<property name="driverClassName" value="${hibernate.firstdb.connection.driver_class}" />
		<property name="url" value="${hibernate.firstdb.connection.url}" />
		<property name="username" value="${hibernate.firstdb.connection.username}" />
		<property name="password" value="${hibernate.firstdb.connection.password}" />
	</bean>

</beans>