<?xml version="1.0" encoding="UTF-8"?>
<beans xmlns="http://www.springframework.org/schema/beans"
	xmlns:xsi="http://www.w3.org/2001/XMLSchema-instance" xmlns:jdbc="http://www.springframework.org/schema/jdbc"
	xmlns:context="http://www.springframework.org/schema/context"
	xmlns:util="http://www.springframework.org/schema/util"
	xsi:schemaLocation="http://www.springframework.org/schema/beans
                                                        http://www.springframework.org/schema/beans/spring-beans-3.0.xsd
                                                        http://www.springframework.org/schema/jdbc
                                                        http://www.springframework.org/schema/jdbc/spring-jdbc-3.0.xsd
                                                        http://www.springframework.org/schema/util
                                                        http://www.springframework.org/schema/util/spring-util-3.1.xsd
                                                        http://www.springframework.org/schema/context
                                                        http://www.springframework.org/schema/context/spring-context-3.0.xsd">

	<util:properties id="myProps" location="classpath:my.hibernate.properties"/>

	<context:property-placeholder
		system-properties-mode="OVERRIDE" location="classpath:my.hibernate.properties" />

</beans>