<?xml version="1.0" encoding="UTF-8"?>
<beans xmlns="http://www.springframework.org/schema/beans"
	xmlns:xsi="http://www.w3.org/2001/XMLSchema-instance" xmlns:jdbc="http://www.springframework.org/schema/jdbc"
	xmlns:context="http://www.springframework.org/schema/context"
	xsi:schemaLocation="http://www.springframework.org/schema/beans
                                                        http://www.springframework.org/schema/beans/spring-beans-3.0.xsd
                                                        http://www.springframework.org/schema/jdbc
                                                        http://www.springframework.org/schema/jdbc/spring-jdbc-3.0.xsd
                                                        http://www.springframework.org/schema/context
                                                        http://www.springframework.org/schema/context/spring-context-3.0.xsd">

	<context:property-placeholder
		system-properties-mode="OVERRIDE" location="classpath:my.hibernate.properties" />
	<bean id="dataSource" class="org.apache.commons.dbcp.BasicDataSource"
		destroy-method="close">
		<property name="maxActive">
			<value>-1</value>
		</property>
		<property name="driverClassName">
			<value>${hibernate.connection.driver_class}</value>
		</property>
		<property name="url">
			<value>${hibernate.connection.url}</value>
		</property>
		<property name="username">
			<value>${hibernate.connection.username}</value>
		</property>
		<property name="password">
			<value>${hibernate.connection.password}</value>
		</property>
	</bean>
</beans>